<?xml version="1.0" encoding="UTF-8"?>
<!-- Generated by org.testng.reporters.JUnitReportReporter -->
<testsuite skipped="0" hostname="DESKTOP-C78S4S8" name="qaclickacademy.SeleniumTest" tests="2" failures="0" timestamp="2021-06-28T02:50:12 IST" time="0.001" errors="0">
  <testcase name="elementsUI" time="0.001" classname="qaclickacademy.SeleniumTest"/>
  <system-out/>
  <testcase name="browserAutomation" time="0.000" classname="qaclickacademy.SeleniumTest"/>
  <system-out/>
</testsuite> <!-- qaclickacademy.SeleniumTest -->
