<?xml version="1.0" encoding="UTF-8"?>
<!-- Generated by org.testng.reporters.JUnitReportReporter -->
<testsuite skipped="0" hostname="DESKTOP-C78S4S8" name="qaclickacademy.RestAPITest" tests="2" failures="0" timestamp="2021-06-28T02:49:40 IST" time="0.001" errors="0">
  <testcase name="deleteTwitter" time="0.000" classname="qaclickacademy.RestAPITest"/>
  <system-out/>
  <testcase name="postJira" time="0.001" classname="qaclickacademy.RestAPITest"/>
  <system-out/>
</testsuite> <!-- qaclickacademy.RestAPITest -->
