<?xml version="1.0" encoding="UTF-8"?>
<!-- Generated by org.testng.reporters.JUnitReportReporter -->
<testsuite skipped="0" hostname="DESKTOP-C78S4S8" name="qaclickacademy.AppiumTest" tests="2" failures="0" timestamp="2021-06-28T02:50:12 IST" time="0.002" errors="0">
  <testcase name="nativeAppAndroid" time="0.000" classname="qaclickacademy.AppiumTest"/>
  <system-out/>
  <testcase name="iosApps" time="0.002" classname="qaclickacademy.AppiumTest"/>
  <system-out/>
</testsuite> <!-- qaclickacademy.AppiumTest -->
